#
# There is insufficient memory for the Java Runtime Environment to continue.
# Native memory allocation (malloc) failed to allocate 844304 bytes for Chunk::new
# Possible reasons:
#   The system is out of physical RAM or swap space
#   In 32 bit mode, the process size limit was hit
# Possible solutions:
#   Reduce memory load on the system
#   Increase physical memory or swap space
#   Check if swap backing store is full
#   Use 64 bit Java on a 64 bit OS
#   Decrease Java heap size (-Xmx/-Xms)
#   Decrease number of Java threads
#   Decrease Java thread stack sizes (-Xss)
#   Set larger code cache with -XX:ReservedCodeCacheSize=
# This output file may be truncated or incomplete.
#
#  Out of Memory Error (allocation.cpp:390), pid=8112, tid=1848
#
# JRE version: Java(TM) SE Runtime Environment (8.0_60-b27) (build 1.8.0_60-b27)
# Java VM: Java HotSpot(TM) 64-Bit Server VM (25.60-b23 mixed mode windows-amd64 compressed oops)
# Failed to write core dump. Minidumps are not enabled by default on client versions of Windows
#

---------------  T H R E A D  ---------------

Current thread (0x00000000167f3800):  JavaThread "C2 CompilerThread1" daemon [_thread_in_native, id=1848, stack(0x0000000016ba0000,0x0000000016ca0000)]

Stack: [0x0000000016ba0000,0x0000000016ca0000]
[error occurred during error reporting (printing stack bounds), id 0xc0000005]

Native frames: (J=compiled Java code, j=interpreted, Vv=VM code, C=native code)


Current CompileTask:
C2:   4705 1215       4       com.android.dx.ssa.SCCP::simulateStmt (481 bytes)


---------------  P R O C E S S  ---------------

Java Threads: ( => current thread )
  0x00000000169a3800 JavaThread "pool-1-thread-4" [_thread_in_Java, id=8208, stack(0x00000000173a0000,0x00000000174a0000)]
  0x00000000169a2000 JavaThread "pool-1-thread-3" [_thread_in_Java, id=8204, stack(0x00000000172a0000,0x00000000173a0000)]
  0x00000000169a0800 JavaThread "pool-1-thread-2" [_thread_in_Java, id=8200, stack(0x00000000171a0000,0x00000000172a0000)]
  0x000000001699f800 JavaThread "pool-2-thread-1" [_thread_blocked, id=8196, stack(0x00000000170a0000,0x00000000171a0000)]
  0x00000000167ff000 JavaThread "Service Thread" daemon [_thread_blocked, id=7248, stack(0x0000000016da0000,0x0000000016ea0000)]
  0x00000000167f9800 JavaThread "C1 CompilerThread2" daemon [_thread_blocked, id=2784, stack(0x0000000016ca0000,0x0000000016da0000)]
=>0x00000000167f3800 JavaThread "C2 CompilerThread1" daemon [_thread_in_native, id=1848, stack(0x0000000016ba0000,0x0000000016ca0000)]
  0x00000000150de000 JavaThread "C2 CompilerThread0" daemon [_thread_in_native, id=6812, stack(0x00000000166a0000,0x00000000167a0000)]
  0x00000000150dc000 JavaThread "Attach Listener" daemon [_thread_blocked, id=5408, stack(0x00000000165a0000,0x00000000166a0000)]
  0x0000000015129000 JavaThread "Signal Dispatcher" daemon [_thread_blocked, id=7228, stack(0x00000000164a0000,0x00000000165a0000)]
  0x00000000029f6000 JavaThread "Finalizer" daemon [_thread_blocked, id=7308, stack(0x0000000016320000,0x0000000016420000)]
  0x00000000029ed000 JavaThread "Reference Handler" daemon [_thread_blocked, id=6664, stack(0x0000000016220000,0x0000000016320000)]
  0x0000000002900800 JavaThread "main" [_thread_blocked, id=5928, stack(0x0000000002770000,0x0000000002870000)]

Other Threads:
  0x0000000015097800 VMThread [stack: 0x0000000016120000,0x0000000016220000] [id=3500]
  0x0000000016866800 WatcherThread [stack: 0x0000000016ea0000,0x0000000016fa0000] [id=7468]

VM state:not at safepoint (normal execution)

VM Mutex/Monitor currently owned by a thread: None

Heap:
 PSYoungGen      total 38400K, used 30620K [0x00000000eab00000, 0x00000000ed580000, 0x0000000100000000)
  eden space 33280K, 92% used [0x00000000eab00000,0x00000000ec8e70d0,0x00000000ecb80000)
  from space 5120K, 0% used [0x00000000ed080000,0x00000000ed080000,0x00000000ed580000)
  to   space 5120K, 0% used [0x00000000ecb80000,0x00000000ecb80000,0x00000000ed080000)
 ParOldGen       total 87552K, used 0K [0x00000000c0000000, 0x00000000c5580000, 0x00000000eab00000)
  object space 87552K, 0% used [0x00000000c0000000,0x00000000c0000000,0x00000000c5580000)
 Metaspace       used 5925K, capacity 6896K, committed 7040K, reserved 1056768K
  class space    used 595K, capacity 616K, committed 640K, reserved 1048576K

Card table byte_map: [0x0000000011dc0000,0x0000000011fd0000] byte_map_base: 0x00000000117c0000

Marking Bits: (ParMarkBitMap*) 0x0000000054c9a5b0
 Begin Bits: [0x0000000012530000, 0x0000000013530000)
 End Bits:   [0x0000000013530000, 0x0000000014530000)

Polling page: 0x0000000002460000

CodeCache: size=245760Kb used=4971Kb max_used=5006Kb free=240788Kb
 bounds [0x0000000002a00000, 0x0000000002ef0000, 0x0000000011a00000]
 total_blobs=1476 nmethods=1205 adapters=184
 compilation: enabled

Compilation events (10 events):
Event: 4.567 Thread 0x00000000167f9800 1226       3       com.android.dx.cf.code.BasicBlocker::visitBranch (98 bytes)
Event: 4.569 Thread 0x00000000167f9800 nmethod 1226 0x0000000002ec9790 code [0x0000000002ec9a80, 0x0000000002ecb018]
Event: 4.571 Thread 0x00000000167f9800 1227       3       com.android.dx.cf.code.Simulator$SimVisitor::visitBranch (341 bytes)
Event: 4.572 Thread 0x00000000167f9800 nmethod 1227 0x0000000002ecc4d0 code [0x0000000002ecc760, 0x0000000002ecd848]
Event: 4.578 Thread 0x00000000167f9800 1228       3       com.android.dx.cf.code.Frame::mergeWith (80 bytes)
Event: 4.579 Thread 0x00000000167f9800 nmethod 1228 0x0000000002ece150 code [0x0000000002ece380, 0x0000000002ecf368]
Event: 4.675 Thread 0x00000000167f9800 1230       3       com.android.dx.rop.cst.CstKnownNull::equals (5 bytes)
Event: 4.675 Thread 0x00000000167f9800 nmethod 1230 0x0000000002eb23d0 code [0x0000000002eb2520, 0x0000000002eb2770]
Event: 4.695 Thread 0x00000000150de000 nmethod 1164 0x0000000002ed8150 code [0x0000000002ed98e0, 0x0000000002ee0320]
Event: 4.696 Thread 0x00000000150de000 1220       4       com.android.dx.ssa.SsaRenamer$BlockRenamer::addMapping (143 bytes)

GC Heap History (0 events):
No events

Deoptimization events (5 events):
Event: 3.286 Thread 0x00000000169a0800 Uncommon trap: reason=unstable_if action=reinterpret pc=0x0000000002c827ac method=com.android.dx.rop.code.RegisterSpecSet.put(Lcom/android/dx/rop/code/RegisterSpec;)V @ 77
Event: 3.286 Thread 0x00000000169a0800 Uncommon trap: reason=unstable_if action=reinterpret pc=0x0000000002d16dac method=com.android.dx.rop.code.RegisterSpecSet.put(Lcom/android/dx/rop/code/RegisterSpec;)V @ 77
Event: 3.300 Thread 0x0000000016993000 Uncommon trap: reason=null_check action=make_not_entrant pc=0x0000000002cbd5a0 method=com.android.dx.ssa.SsaRenamer.getLocalForNewReg(I)Lcom/android/dx/rop/code/LocalItem; @ 19
Event: 3.645 Thread 0x0000000016993000 Uncommon trap: reason=unstable_if action=reinterpret pc=0x0000000002cc9a3c method=com.android.dx.rop.code.RegisterSpec.equals(ILcom/android/dx/rop/type/TypeBearer;Lcom/android/dx/rop/code/LocalItem;)Z @ 42
Event: 4.468 Thread 0x00000000169a3800 Uncommon trap: reason=unstable_if action=reinterpret pc=0x0000000002d64484 method=com.android.dx.ssa.SsaRenamer$BlockRenamer.addMapping(ILcom/android/dx/rop/code/RegisterSpec;)V @ 120

Internal exceptions (3 events):
Event: 0.578 Thread 0x0000000002900800 Exception <a 'java/lang/NoSuchMethodError': Method sun.misc.Unsafe.defineClass(Ljava/lang/String;[BII)Ljava/lang/Class; name or signature does not match> (0x00000000eab12cc0) thrown at [C:\re\workspace\8-2-build-windows-amd64-cygwin\jdk8u60\4407\hotspot\srùHœ¤|â?
Event: 0.578 Thread 0x0000000002900800 Exception <a 'java/lang/NoSuchMethodError': Method sun.misc.Unsafe.prefetchRead(Ljava/lang/Object;J)V name or signature does not match> (0x00000000eab12fa8) thrown at [C:\re\workspace\8-2-build-windows-amd64-cygwin\jdk8u60\4407\hotspot\src\share\vm\prims\j¹I&)¼e
@
Event: 3.300 Thread 0x0000000016993000 Implicit null exception at 0x0000000002cbb3fa to 0x0000000002cbd55d

Events (10 events):
Event: 3.951 Executing VM operation: ForceSafepoint
Event: 4.320 Executing VM operation: ForceSafepoint done
Event: 4.326 loading class com/android/dx/cf/code/SwitchList
Event: 4.326 loading class com/android/dx/cf/code/SwitchList done
Event: 4.466 Thread 0x0000000016993000 Thread exited: 0x0000000016993000
Event: 4.468 Thread 0x00000000169a3800 Uncommon trap: trap_request=0xffffff65 fr.pc=0x0000000002d64484
Event: 4.468 Thread 0x00000000169a3800 DEOPT PACKING pc=0x0000000002d64484 sp=0x000000001749e650
Event: 4.468 Thread 0x00000000169a3800 DEOPT UNPACKING pc=0x0000000002a4582a sp=0x000000001749e5e0 mode 2
Event: 4.525 Thread 0x00000000169a2000 DEOPT PACKING pc=0x0000000002cd1a8f sp=0x000000001739ee20
Event: 4.525 Thread 0x00000000169a2000 DEOPT UNPACKING pc=0x0000000002a4787f sp=0x000000001739ec00 mode 0


Dynamic libraries:
0x00007ff643f80000 - 0x00007ff643fb7000 	C:\Program Files\Java\jdk1.8.0_60\bin\java.exe
0x00007fff30430000 - 0x00007fff305dd000 	C:\Windows\SYSTEM32\ntdll.dll
0x00007fff2fbb0000 - 0x00007fff2fcee000 	C:\Windows\system32\KERNEL32.DLL
0x00007fff2d650000 - 0x00007fff2d765000 	C:\Windows\system32\KERNELBASE.dll
0x00007fff2c120000 - 0x00007fff2c1ae000 	C:\Windows\system32\apphelp.dll
0x00007fff24340000 - 0x00007fff24393000 	C:\Windows\AppPatch\AppPatch64\AcGenral.DLL
0x00007fff2dfd0000 - 0x00007fff2e07a000 	C:\Windows\system32\msvcrt.dll
0x00007fff2d340000 - 0x00007fff2d36e000 	C:\Windows\SYSTEM32\SspiCli.dll
0x00007fff2fb50000 - 0x00007fff2fba4000 	C:\Windows\system32\SHLWAPI.dll
0x00007fff2fcf0000 - 0x00007fff2fe67000 	C:\Windows\system32\USER32.dll
0x00007fff2f5b0000 - 0x00007fff2f744000 	C:\Windows\system32\ole32.dll
0x00007fff2e080000 - 0x00007fff2f5aa000 	C:\Windows\system32\SHELL32.dll
0x00007fff2cb20000 - 0x00007fff2cb41000 	C:\Windows\SYSTEM32\USERENV.dll
0x00007fff30000000 - 0x00007fff300aa000 	C:\Windows\system32\ADVAPI32.dll
0x00007fff22dd0000 - 0x00007fff22dee000 	C:\Windows\SYSTEM32\MPR.dll
0x00007fff2fe90000 - 0x00007fff2ffd1000 	C:\Windows\system32\RPCRT4.dll
0x00007fff2f750000 - 0x00007fff2f7a9000 	C:\Windows\SYSTEM32\sechost.dll
0x00007fff2ddb0000 - 0x00007fff2dfc1000 	C:\Windows\SYSTEM32\combase.dll
0x00007fff2dab0000 - 0x00007fff2dc00000 	C:\Windows\system32\GDI32.dll
0x00007fff2d580000 - 0x00007fff2d595000 	C:\Windows\SYSTEM32\profapi.dll
0x00007fff2b940000 - 0x00007fff2b9f2000 	C:\Windows\SYSTEM32\SHCORE.dll
0x00007fff2fb10000 - 0x00007fff2fb46000 	C:\Windows\system32\IMM32.DLL
0x00007fff2f870000 - 0x00007fff2f9c2000 	C:\Windows\system32\MSCTF.dll
0x00007fff2adb0000 - 0x00007fff2b02b000 	C:\Windows\WinSxS\amd64_microsoft.windows.common-controls_6595b64144ccf1df_6.0.9600.18006_none_623f33d3ecbe86e8\COMCTL32.dll
0x0000000054010000 - 0x00000000540e2000 	C:\Program Files\Java\jdk1.8.0_60\jre\bin\msvcr100.dll
0x0000000054490000 - 0x0000000054d19000 	C:\Program Files\Java\jdk1.8.0_60\jre\bin\server\jvm.dll
0x00007fff164e0000 - 0x00007fff164e9000 	C:\Windows\SYSTEM32\WSOCK32.dll
0x00007fff23500000 - 0x00007fff23522000 	C:\Windows\SYSTEM32\WINMM.dll
0x00007fff27420000 - 0x00007fff2742a000 	C:\Windows\SYSTEM32\VERSION.dll
0x00007fff2ffe0000 - 0x00007fff2ffe7000 	C:\Windows\system32\PSAPI.DLL
0x00007fff2fab0000 - 0x00007fff2fb0a000 	C:\Windows\system32\WS2_32.dll
0x00007fff234d0000 - 0x00007fff234fa000 	C:\Windows\SYSTEM32\WINMMBASE.dll
0x00007fff30290000 - 0x00007fff30299000 	C:\Windows\system32\NSI.dll
0x00007fff2d7d0000 - 0x00007fff2d81f000 	C:\Windows\SYSTEM32\cfgmgr32.dll
0x00007fff2c370000 - 0x00007fff2c398000 	C:\Windows\SYSTEM32\DEVOBJ.dll
0x0000000054480000 - 0x000000005448f000 	C:\Program Files\Java\jdk1.8.0_60\jre\bin\verify.dll
0x0000000054450000 - 0x0000000054479000 	C:\Program Files\Java\jdk1.8.0_60\jre\bin\java.dll
0x0000000054430000 - 0x0000000054446000 	C:\Program Files\Java\jdk1.8.0_60\jre\bin\zip.dll

VM Arguments:
jvm_args: -Xmx1024M -Dfile.encoding=x-windows-949 -Duser.country=KR -Duser.language=ko -Duser.variant 
java_command: com.android.dx.command.Main --dex --num-threads=4 --output C:\Users\Park\Desktop\Park\AndroidStudioProjects\Businesses\app\build\intermediates\pre-dexed\debug\classes-dc09ee7104bc6580787517f00a358244ddfae679.jar C:\Users\Park\Desktop\Park\AndroidStudioProjects\Businesses\app\build\intermediates\exploded-aar\com.kakao.sdk\util\1.1.7\jars\classes.jar
java_class_path (initial): C:\Users\Park\SDK\build-tools\23.0.1\lib\dx.jar
Launcher Type: SUN_STANDARD

Environment Variables:
PATH=C:\ProgramData\Oracle\Java\javapath;C:\Program Files (x86)\Intel\iCLS Client\;C:\Program Files\Intel\iCLS Client\;C:\Windows\system32;C:\Windows;C:\Windows\System32\Wbem;C:\Windows\System32\WindowsPowerShell\v1.0\;C:\Program Files\Intel\Intel(R) Management Engine Components\DAL;C:\Program Files (x86)\Intel\Intel(R) Management Engine Components\DAL;C:\Program Files\Intel\Intel(R) Management Engine Components\IPT;C:\Program Files (x86)\Intel\Intel(R) Management Engine Components\IPT;C:\MinGW\bin\;
USERNAME=Park
OS=Windows_NT
PROCESSOR_IDENTIFIER=Intel64 Family 6 Model 61 Stepping 4, GenuineIntel



---------------  S Y S T E M  ---------------

OS: Windows 8.1 , 64 bit Build 9600 (6.3.9600.17415)

CPU:total 4 (2 cores per cpu, 2 threads per core) family 6 model 61 stepping 4, cmov, cx8, fxsr, mmx, sse, sse2, sse3, ssse3, sse4.1, sse4.2, popcnt, avx, avx2, aes, clmul, erms, 3dnowpref, lzcnt, ht, tsc, tscinvbit, bmi1, bmi2, adx

Memory: 4k page, physical 8301316k(795176k free), swap 11447048k(8404k free)

vm_info: Java HotSpot(TM) 64-Bit Server VM (25.60-b23) for windows-amd64 JRE (1.8.0_60-b27), built on Aug  4 2015 11:06:27 by "java_re" with MS VC++ 10.0 (VS2010)

time: Sun Mar 20 02:41:50 2016
elapsed time: 4 seconds (0d 0h 0m 4s)

