#
# There is insufficient memory for the Java Runtime Environment to continue.
# Native memory allocation (malloc) failed to allocate 852816 bytes for Chunk::new
# Possible reasons:
#   The system is out of physical RAM or swap space
#   In 32 bit mode, the process size limit was hit
# Possible solutions:
#   Reduce memory load on the system
#   Increase physical memory or swap space
#   Check if swap backing store is full
#   Use 64 bit Java on a 64 bit OS
#   Decrease Java heap size (-Xmx/-Xms)
#   Decrease number of Java threads
#   Decrease Java thread stack sizes (-Xss)
#   Set larger code cache with -XX:ReservedCodeCacheSize=
# This output file may be truncated or incomplete.
#
#  Out of Memory Error (allocation.cpp:390), pid=6300, tid=7736
#
# JRE version: Java(TM) SE Runtime Environment (8.0_60-b27) (build 1.8.0_60-b27)
# Java VM: Java HotSpot(TM) 64-Bit Server VM (25.60-b23 mixed mode windows-amd64 compressed oops)
# Failed to write core dump. Minidumps are not enabled by default on client versions of Windows
#

---------------  T H R E A D  ---------------

Current thread (0x000000001511c000):  JavaThread "C2 CompilerThread1" daemon [_thread_in_native, id=7736, stack(0x00000000167a0000,0x00000000168a0000)]

Stack: [0x00000000167a0000,0x00000000168a0000]
[error occurred during error reporting (printing stack bounds), id 0xc0000005]

Native frames: (J=compiled Java code, j=interpreted, Vv=VM code, C=native code)


Current CompileTask:
C2:   4747 1473       4       com.android.dx.ssa.SCCP::simulatePhi (169 bytes)


---------------  P R O C E S S  ---------------

Java Threads: ( => current thread )
  0x0000000016b2d000 JavaThread "pool-1-thread-4" [_thread_in_Java, id=7716, stack(0x00000000173a0000,0x00000000174a0000)]
  0x0000000016b2c000 JavaThread "pool-1-thread-3" [_thread_in_Java, id=8152, stack(0x00000000172a0000,0x00000000173a0000)]
  0x0000000016b2b800 JavaThread "pool-1-thread-2" [_thread_in_Java, id=7568, stack(0x00000000171a0000,0x00000000172a0000)]
  0x0000000016b1c800 JavaThread "pool-2-thread-1" [_thread_blocked, id=7412, stack(0x00000000170a0000,0x00000000171a0000)]
  0x0000000016b19800 JavaThread "pool-1-thread-1" [_thread_blocked, id=6228, stack(0x0000000016fa0000,0x00000000170a0000)]
  0x0000000016912000 JavaThread "Service Thread" daemon [_thread_blocked, id=7572, stack(0x0000000016da0000,0x0000000016ea0000)]
  0x00000000168f8800 JavaThread "C1 CompilerThread2" daemon [_thread_blocked, id=7600, stack(0x0000000016ca0000,0x0000000016da0000)]
=>0x000000001511c000 JavaThread "C2 CompilerThread1" daemon [_thread_in_native, id=7736, stack(0x00000000167a0000,0x00000000168a0000)]
  0x00000000150ce000 JavaThread "C2 CompilerThread0" daemon [_thread_in_native, id=1648, stack(0x00000000166a0000,0x00000000167a0000)]
  0x00000000150cb800 JavaThread "Attach Listener" daemon [_thread_blocked, id=3672, stack(0x00000000165a0000,0x00000000166a0000)]
  0x0000000015119000 JavaThread "Signal Dispatcher" daemon [_thread_blocked, id=8068, stack(0x00000000164a0000,0x00000000165a0000)]
  0x00000000029e7000 JavaThread "Finalizer" daemon [_thread_blocked, id=3140, stack(0x0000000016320000,0x0000000016420000)]
  0x00000000029de800 JavaThread "Reference Handler" daemon [_thread_blocked, id=7868, stack(0x0000000016220000,0x0000000016320000)]
  0x00000000028f0800 JavaThread "main" [_thread_blocked, id=4968, stack(0x00000000024f0000,0x00000000025f0000)]

Other Threads:
  0x0000000015086800 VMThread [stack: 0x0000000016120000,0x0000000016220000] [id=6040]
  0x000000001696d800 WatcherThread [stack: 0x0000000016ea0000,0x0000000016fa0000] [id=2760]

VM state:not at safepoint (normal execution)

VM Mutex/Monitor currently owned by a thread: None

Heap:
 PSYoungGen      total 38400K, used 24644K [0x00000000eab00000, 0x00000000ef600000, 0x0000000100000000)
  eden space 33280K, 58% used [0x00000000eab00000,0x00000000ebe14f80,0x00000000ecb80000)
  from space 5120K, 99% used [0x00000000ecb80000,0x00000000ed07c2a8,0x00000000ed080000)
  to   space 5120K, 0% used [0x00000000ef100000,0x00000000ef100000,0x00000000ef600000)
 ParOldGen       total 87552K, used 1820K [0x00000000c0000000, 0x00000000c5580000, 0x00000000eab00000)
  object space 87552K, 2% used [0x00000000c0000000,0x00000000c01c7118,0x00000000c5580000)
 Metaspace       used 6155K, capacity 7088K, committed 7296K, reserved 1056768K
  class space    used 597K, capacity 616K, committed 640K, reserved 1048576K

Card table byte_map: [0x0000000011db0000,0x0000000011fc0000] byte_map_base: 0x00000000117b0000

Marking Bits: (ParMarkBitMap*) 0x0000000054c9a5b0
 Begin Bits: [0x0000000012520000, 0x0000000013520000)
 End Bits:   [0x0000000013520000, 0x0000000014520000)

Polling page: 0x0000000000d20000

CodeCache: size=245760Kb used=6115Kb max_used=6115Kb free=239644Kb
 bounds [0x00000000029f0000, 0x0000000002ff0000, 0x00000000119f0000]
 total_blobs=1764 nmethods=1492 adapters=184
 compilation: enabled

Compilation events (10 events):
Event: 4.728 Thread 0x00000000168f8800 nmethod 1494 0x0000000002fdfa50 code [0x0000000002fdfbc0, 0x0000000002fdfdd0]
Event: 4.735 Thread 0x00000000168f8800 1503       3       com.android.dx.cf.code.Merger::mergeLocals (122 bytes)
Event: 4.737 Thread 0x00000000168f8800 nmethod 1503 0x0000000002fdfed0 code [0x0000000002fe0140, 0x0000000002fe1228]
Event: 4.737 Thread 0x00000000168f8800 1504   !   3       com.android.dx.cf.code.Merger::mergeStack (192 bytes)
Event: 4.739 Thread 0x00000000168f8800 nmethod 1504 0x0000000002fe1e50 code [0x0000000002fe21e0, 0x0000000002fe41d8]
Event: 4.739 Thread 0x00000000168f8800 1502       3       com.android.dx.cf.direct.DirectClassFile::getAttributes (9 bytes)
Event: 4.739 Thread 0x00000000168f8800 nmethod 1502 0x0000000002fe53d0 code [0x0000000002fe5540, 0x0000000002fe5788]
Event: 4.739 Thread 0x00000000168f8800 1505       3       com.android.dx.cf.code.Ropper::addReturnBlock (228 bytes)
Event: 4.744 Thread 0x00000000168f8800 nmethod 1505 0x0000000002fe5850 code [0x0000000002fe5d80, 0x0000000002fe95e8]
Event: 4.744 Thread 0x00000000168f8800 1501   !   3       java.util.concurrent.FutureTask::run (126 bytes)

GC Heap History (2 events):
Event: 3.628 GC heap before
{Heap before GC invocations=1 (full 0):
 PSYoungGen      total 38400K, used 33280K [0x00000000eab00000, 0x00000000ed580000, 0x0000000100000000)
  eden space 33280K, 100% used [0x00000000eab00000,0x00000000ecb80000,0x00000000ecb80000)
  from space 5120K, 0% used [0x00000000ed080000,0x00000000ed080000,0x00000000ed580000)
  to   space 5120K, 0% used [0x00000000ecb80000,0x00000000ecb80000,0x00000000ed080000)
 ParOldGen       total 87552K, used 0K [0x00000000c0000000, 0x00000000c5580000, 0x00000000eab00000)
  object space 87552K, 0% used [0x00000000c0000000,0x00000000c0000000,0x00000000c5580000)
 Metaspace       used 6000K, capacity 6960K, committed 7040K, reserved 1056768K
  class space    used 596K, capacity 616K, committed 640K, reserved 1048576K
Event: 3.959 GC heap after
Heap after GC invocations=1 (full 0):
 PSYoungGen      total 38400K, used 5104K [0x00000000eab00000, 0x00000000ef600000, 0x0000000100000000)
  eden space 33280K, 0% used [0x00000000eab00000,0x00000000eab00000,0x00000000ecb80000)
  from space 5120K, 99% used [0x00000000ecb80000,0x00000000ed07c2a8,0x00000000ed080000)
  to   space 5120K, 0% used [0x00000000ef100000,0x00000000ef100000,0x00000000ef600000)
 ParOldGen       total 87552K, used 1820K [0x00000000c0000000, 0x00000000c5580000, 0x00000000eab00000)
  object space 87552K, 2% used [0x00000000c0000000,0x00000000c01c7118,0x00000000c5580000)
 Metaspace       used 6000K, capacity 6960K, committed 7040K, reserved 1056768K
  class space    used 596K, capacity 616K, committed 640K, reserved 1048576K
}

Deoptimization events (10 events):
Event: 1.823 Thread 0x0000000016b2d000 Uncommon trap: reason=unstable_if action=reinterpret pc=0x0000000002c0f75c method=java.util.HashMap.getNode(ILjava/lang/Object;)Ljava/util/HashMap$Node; @ 129
Event: 2.228 Thread 0x0000000016b2b800 Uncommon trap: reason=class_check action=maybe_recompile pc=0x0000000002c75330 method=com.android.dx.ssa.NormalSsaInsn.accept(Lcom/android/dx/ssa/SsaInsn$Visitor;)V @ 9
Event: 2.228 Thread 0x0000000016b2b800 Uncommon trap: reason=class_check action=maybe_recompile pc=0x0000000002c75330 method=com.android.dx.ssa.NormalSsaInsn.accept(Lcom/android/dx/ssa/SsaInsn$Visitor;)V @ 9
Event: 2.228 Thread 0x0000000016b2b800 Uncommon trap: reason=class_check action=maybe_recompile pc=0x0000000002c75330 method=com.android.dx.ssa.NormalSsaInsn.accept(Lcom/android/dx/ssa/SsaInsn$Visitor;)V @ 9
Event: 2.229 Thread 0x0000000016b2b800 Uncommon trap: reason=class_check action=maybe_recompile pc=0x0000000002c75330 method=com.android.dx.ssa.NormalSsaInsn.accept(Lcom/android/dx/ssa/SsaInsn$Visitor;)V @ 9
Event: 2.229 Thread 0x0000000016b2b800 Uncommon trap: reason=class_check action=maybe_recompile pc=0x0000000002c432f0 method=com.android.dx.ssa.NormalSsaInsn.accept(Lcom/android/dx/ssa/SsaInsn$Visitor;)V @ 9
Event: 2.359 Thread 0x00000000028f0800 Uncommon trap: reason=null_check action=make_not_entrant pc=0x0000000002d09aa8 method=com.android.dx.rop.type.Type.equals(Ljava/lang/Object;)Z @ 8
Event: 2.361 Thread 0x00000000028f0800 Uncommon trap: reason=null_check action=make_not_entrant pc=0x0000000002db9f1c method=com.android.dx.ssa.SsaRenamer.getLocalForNewReg(I)Lcom/android/dx/rop/code/LocalItem; @ 19
Event: 2.361 Thread 0x00000000028f0800 Uncommon trap: reason=null_check action=make_not_entrant pc=0x0000000002daf95c method=com.android.dx.ssa.SsaRenamer.getLocalForNewReg(I)Lcom/android/dx/rop/code/LocalItem; @ 19
Event: 4.196 Thread 0x0000000016b2c000 Uncommon trap: reason=unstable_if action=reinterpret pc=0x0000000002e253f8 method=com.android.dx.rop.code.RegisterSpecSet.<init>(I)V @ 2

Internal exceptions (5 events):
Event: 0.258 Thread 0x00000000028f0800 Exception <a 'java/lang/NoSuchMethodError': Method sun.misc.Unsafe.defineClass(Ljava/lang/String;[BII)Ljava/lang/Class; name or signature does not match> (0x00000000eab13098) thrown at [C:\re\workspace\8-2-build-windows-amd64-cygwin\jdk8u60\4407\hotspot\sr∂{»fó|–?
Event: 0.258 Thread 0x00000000028f0800 Exception <a 'java/lang/NoSuchMethodError': Method sun.misc.Unsafe.prefetchRead(Ljava/lang/Object;J)V name or signature does not match> (0x00000000eab13380) thrown at [C:\re\workspace\8-2-build-windows-amd64-cygwin\jdk8u60\4407\hotspot\src\share\vm\prims\jó®ÇÓﬁ@
Event: 2.359 Thread 0x00000000028f0800 Implicit null exception at 0x0000000002d099a2 to 0x0000000002d09a9a
Event: 2.361 Thread 0x00000000028f0800 Implicit null exception at 0x0000000002db8de3 to 0x0000000002db9ed1
Event: 2.361 Thread 0x00000000028f0800 Implicit null exception at 0x0000000002daeb04 to 0x0000000002daf929

Events (10 events):
Event: 2.914 loading class com/android/dx/cf/attrib/AttLocalVariableTypeTable done
Event: 3.309 Executing VM operation: ParallelGCFailedAllocation
Event: 3.959 Executing VM operation: ParallelGCFailedAllocation done
Event: 4.189 loading class com/android/dx/cf/attrib/AttExceptions
Event: 4.190 loading class com/android/dx/cf/attrib/AttExceptions done
Event: 4.196 Thread 0x0000000016b2c000 Uncommon trap: trap_request=0xffffff65 fr.pc=0x0000000002e253f8
Event: 4.196 Thread 0x0000000016b2c000 DEOPT PACKING pc=0x0000000002e253f8 sp=0x000000001739eb80
Event: 4.196 Thread 0x0000000016b2c000 DEOPT UNPACKING pc=0x0000000002a3582a sp=0x000000001739eab0 mode 2
Event: 4.563 Executing VM operation: EnableBiasedLocking
Event: 4.705 Executing VM operation: EnableBiasedLocking done


Dynamic libraries:
0x00007ff643f80000 - 0x00007ff643fb7000 	C:\Program Files\Java\jdk1.8.0_60\bin\java.exe
0x00007fff30430000 - 0x00007fff305dd000 	C:\Windows\SYSTEM32\ntdll.dll
0x00007fff2fbb0000 - 0x00007fff2fcee000 	C:\Windows\system32\KERNEL32.DLL
0x00007fff2d650000 - 0x00007fff2d765000 	C:\Windows\system32\KERNELBASE.dll
0x00007fff2c120000 - 0x00007fff2c1ae000 	C:\Windows\system32\apphelp.dll
0x00007fff24340000 - 0x00007fff24393000 	C:\Windows\AppPatch\AppPatch64\AcGenral.DLL
0x00007fff2dfd0000 - 0x00007fff2e07a000 	C:\Windows\system32\msvcrt.dll
0x00007fff2d340000 - 0x00007fff2d36e000 	C:\Windows\SYSTEM32\SspiCli.dll
0x00007fff2fb50000 - 0x00007fff2fba4000 	C:\Windows\system32\SHLWAPI.dll
0x00007fff2fcf0000 - 0x00007fff2fe67000 	C:\Windows\system32\USER32.dll
0x00007fff2f5b0000 - 0x00007fff2f744000 	C:\Windows\system32\ole32.dll
0x00007fff2e080000 - 0x00007fff2f5aa000 	C:\Windows\system32\SHELL32.dll
0x00007fff2cb20000 - 0x00007fff2cb41000 	C:\Windows\SYSTEM32\USERENV.dll
0x00007fff30000000 - 0x00007fff300aa000 	C:\Windows\system32\ADVAPI32.dll
0x00007fff22dd0000 - 0x00007fff22dee000 	C:\Windows\SYSTEM32\MPR.dll
0x00007fff2fe90000 - 0x00007fff2ffd1000 	C:\Windows\system32\RPCRT4.dll
0x00007fff2f750000 - 0x00007fff2f7a9000 	C:\Windows\SYSTEM32\sechost.dll
0x00007fff2ddb0000 - 0x00007fff2dfc1000 	C:\Windows\SYSTEM32\combase.dll
0x00007fff2dab0000 - 0x00007fff2dc00000 	C:\Windows\system32\GDI32.dll
0x00007fff2d580000 - 0x00007fff2d595000 	C:\Windows\SYSTEM32\profapi.dll
0x00007fff2b940000 - 0x00007fff2b9f2000 	C:\Windows\SYSTEM32\SHCORE.dll
0x00007fff2fb10000 - 0x00007fff2fb46000 	C:\Windows\system32\IMM32.DLL
0x00007fff2f870000 - 0x00007fff2f9c2000 	C:\Windows\system32\MSCTF.dll
0x00007fff2adb0000 - 0x00007fff2b02b000 	C:\Windows\WinSxS\amd64_microsoft.windows.common-controls_6595b64144ccf1df_6.0.9600.18006_none_623f33d3ecbe86e8\COMCTL32.dll
0x0000000054010000 - 0x00000000540e2000 	C:\Program Files\Java\jdk1.8.0_60\jre\bin\msvcr100.dll
0x0000000054490000 - 0x0000000054d19000 	C:\Program Files\Java\jdk1.8.0_60\jre\bin\server\jvm.dll
0x00007fff164e0000 - 0x00007fff164e9000 	C:\Windows\SYSTEM32\WSOCK32.dll
0x00007fff23500000 - 0x00007fff23522000 	C:\Windows\SYSTEM32\WINMM.dll
0x00007fff27420000 - 0x00007fff2742a000 	C:\Windows\SYSTEM32\VERSION.dll
0x00007fff2ffe0000 - 0x00007fff2ffe7000 	C:\Windows\system32\PSAPI.DLL
0x00007fff2fab0000 - 0x00007fff2fb0a000 	C:\Windows\system32\WS2_32.dll
0x00007fff234d0000 - 0x00007fff234fa000 	C:\Windows\SYSTEM32\WINMMBASE.dll
0x00007fff30290000 - 0x00007fff30299000 	C:\Windows\system32\NSI.dll
0x00007fff2d7d0000 - 0x00007fff2d81f000 	C:\Windows\SYSTEM32\cfgmgr32.dll
0x00007fff2c370000 - 0x00007fff2c398000 	C:\Windows\SYSTEM32\DEVOBJ.dll
0x0000000054480000 - 0x000000005448f000 	C:\Program Files\Java\jdk1.8.0_60\jre\bin\verify.dll
0x0000000054450000 - 0x0000000054479000 	C:\Program Files\Java\jdk1.8.0_60\jre\bin\java.dll
0x0000000054430000 - 0x0000000054446000 	C:\Program Files\Java\jdk1.8.0_60\jre\bin\zip.dll

VM Arguments:
jvm_args: -Xmx1024M -Dfile.encoding=x-windows-949 -Duser.country=KR -Duser.language=ko -Duser.variant 
java_command: com.android.dx.command.Main --dex --num-threads=4 --output C:\Users\Park\Desktop\Park\AndroidStudioProjects\Businesses\app\build\intermediates\pre-dexed\debug\internal_impl-23.0.1-784e1c3499a167dc436864d9514f144f17f27596.jar C:\Users\Park\Desktop\Park\AndroidStudioProjects\Businesses\app\build\intermediates\exploded-aar\com.android.support\support-v4\23.0.1\jars\libs\internal_impl-23.0.1.jar
java_class_path (initial): C:\Users\Park\SDK\build-tools\23.0.1\lib\dx.jar
Launcher Type: SUN_STANDARD

Environment Variables:
PATH=C:\ProgramData\Oracle\Java\javapath;C:\Program Files (x86)\Intel\iCLS Client\;C:\Program Files\Intel\iCLS Client\;C:\Windows\system32;C:\Windows;C:\Windows\System32\Wbem;C:\Windows\System32\WindowsPowerShell\v1.0\;C:\Program Files\Intel\Intel(R) Management Engine Components\DAL;C:\Program Files (x86)\Intel\Intel(R) Management Engine Components\DAL;C:\Program Files\Intel\Intel(R) Management Engine Components\IPT;C:\Program Files (x86)\Intel\Intel(R) Management Engine Components\IPT;C:\MinGW\bin\;
USERNAME=Park
OS=Windows_NT
PROCESSOR_IDENTIFIER=Intel64 Family 6 Model 61 Stepping 4, GenuineIntel



---------------  S Y S T E M  ---------------

OS: Windows 8.1 , 64 bit Build 9600 (6.3.9600.17415)

CPU:total 4 (2 cores per cpu, 2 threads per core) family 6 model 61 stepping 4, cmov, cx8, fxsr, mmx, sse, sse2, sse3, ssse3, sse4.1, sse4.2, popcnt, avx, avx2, aes, clmul, erms, 3dnowpref, lzcnt, ht, tsc, tscinvbit, bmi1, bmi2, adx

Memory: 4k page, physical 8301316k(790904k free), swap 11447048k(5888k free)

vm_info: Java HotSpot(TM) 64-Bit Server VM (25.60-b23) for windows-amd64 JRE (1.8.0_60-b27), built on Aug  4 2015 11:06:27 by "java_re" with MS VC++ 10.0 (VS2010)

time: Sun Mar 20 02:41:50 2016
elapsed time: 4 seconds (0d 0h 0m 4s)

